[0m[[0m[0mdebug[0m] [0m[0m> Exec(test, Some(ec5e909b-d29c-4e8b-8e14-312ee0607c46), Some(CommandSource(console0)))[0m
[0m[[0m[0mdebug[0m] [0m[0mEvaluating tasks: Test / test[0m
[0m[[0m[0mdebug[0m] [0m[0mRunning task... Cancel: Signal, check cycles: false, forcegc: true[0m
[0m[[0m[0minfo[0m] [0m[0mUpdating cspb3155_project1_2.12[0m
[0m[[0m[0minfo[0m] [0m[0mResolved cspb3155_project1_2.12 dependencies[0m
[0m[[0m[0minfo[0m] [0m[0mUpdating cspb3155_project1_2.12[0m
[0m[[0m[0minfo[0m] [0m[0mResolved cspb3155_project1_2.12 dependencies[0m
[0m[[0m[0minfo[0m] [0m[0mUpdating cspb3155_project1_2.12[0m
[0m[[0m[0minfo[0m] [0m[0mResolved cspb3155_project1_2.12 dependencies[0m
[0m[[0m[0minfo[0m] [0m[0mFetching artifacts of cspb3155_project1_2.12[0m
[0m[[0m[0minfo[0m] [0m[0mFetched artifacts of cspb3155_project1_2.12[0m
[0m[[0m[0minfo[0m] [0m[0mcompiling 4 Scala sources to /home/micdavis93/school/3155-principles-of-programming-languages/projects/cspb3155_project1/target/scala-2.12/classes ...[0m
[0m[[0m[0minfo[0m] [0m[0mNon-compiled module 'compiler-bridge_2.12' for Scala 2.12.8. Compiling...[0m
[0m[[0m[0minfo[0m] [0m[0mAttempting to fetch org.scala-sbt:compiler-bridge_2.12:1.12.0.[0m
[0m[[0m[0minfo[0m] [0m[0mUpdating temp-module-98ec89c315ed408f615fff2c4774286d17323b01[0m
[0m[[0m[0minfo[0m] [0m[0mResolved temp-module-98ec89c315ed408f615fff2c4774286d17323b01 dependencies[0m
[0m[[0m[0minfo[0m] [0m[0mFetching artifacts of temp-module-98ec89c315ed408f615fff2c4774286d17323b01[0m
[0m[[0m[0minfo[0m] [0m[0mFetched artifacts of temp-module-98ec89c315ed408f615fff2c4774286d17323b01[0m
[0m[[0m[31merror[0m] [0m[0m(Compile / [31mcompileIncremental[0m) Error compiling the sbt component 'compiler-bridge_2.12'[0m
[0m[[0m[31merror[0m] [0m[0mTotal time: 3 s, completed Jun 22, 2026, 3:44:29 PM[0m
[0m[[0m[0mdebug[0m] [0m[0m> Exec(shell, None, None)[0m
[0m[[0m[0mdebug[0m] [0m[0mForcing garbage collection...[0m
[0m[[0m[0minfo[0m] [0m[0mshutting down sbt server[0m
